<?xml version="1.0" encoding="UTF-8"?>
<!-- Generated by org.testng.reporters.JUnitXMLReporter -->
<testsuite ignored="0" hostname="DESKTOP-896SHKI" failures="1" tests="19" name="TestNGTest1" time="39.18" errors="0" timestamp="2023-06-09T11:58:53 EDT">
  <testcase classname="com.testCases.MakeAppointmentLogin" name="curaHealthCarelogin" time="1.532"/>
  <testcase classname="com.testCases.ReadmissionBooking" name="selectingFacility" time="0.526"/>
  <testcase classname="com.testCases.ReadmissionBooking" name="checkBoxReadmission" time="0.154"/>
  <testcase classname="com.testCases.ReadmissionBooking" name="healthProgramOptionbtn" time="0.227"/>
  <testcase classname="com.testCases.ReadmissionBooking" name="visitingDate" time="0.613"/>
  <testcase classname="com.testCases.ReadmissionBooking" name="sendComment" time="0.433"/>
  <testcase classname="com.testCases.ReadmissionBooking" name="readmissionConfirmation" time="0.272"/>
  <testcase classname="com.testCases.BookingAppointment" name="bookingAppointment" time="0.727"/>
  <testcase classname="com.testCases.BookingAppointment" name="radioButn" time="0.14"/>
  <testcase classname="com.testCases.BookingAppointment" name="selectingVisitDate" time="0.376"/>
  <testcase classname="com.testCases.BookingAppointment" name="sendComment" time="0.42"/>
  <testcase classname="com.testCases.BookingAppointment" name="bookingConfirmation" time="0.311"/>
  <testcase classname="com.testCases.InvalidDate" name="invalidDate" time="0.906">
    <failure type="java.lang.AssertionError" message="The following asserts failed:
	expected [true] but found [false]">
      <![CDATA[java.lang.AssertionError: The following asserts failed:
expected [true] but found [false]
at com.testCases.InvalidDate.invalidDate(InvalidDate.java:46)
at java.base/java.util.ArrayList.forEach(ArrayList.java:1541)
... Removed 29 stack frames]]>
    </failure>
  </testcase> <!-- invalidDate -->
  <testcase classname="com.testCases.InvalidLogin" name="invalidLogin" time="1.364"/>
  <testcase classname="com.testCases.InvalidLogin" name="invalidLogin" time="0.901"/>
  <testcase classname="com.testCases.InvalidLogin" name="invalidLogin" time="0.938"/>
  <testcase classname="com.testCases.InvalidLogin" name="invalidLogin" time="1.087"/>
  <testcase classname="com.testCases.InvalidLogin" name="invalidLogin" time="0.954"/>
  <testcase classname="com.testCases.InvalidLogin" name="invalidLogin" time="0.909"/>
</testsuite> <!-- TestNGTest1 -->
